[2.617s] DEBUG:colcon:Command line arguments: ['/usr/bin/colcon', 'build']
[2.617s] DEBUG:colcon:Parsed command line arguments: Namespace(allow_overriding=[], ament_cmake_args=None, base_paths=['.'], build_base='build', catkin_cmake_args=None, catkin_skip_building_tests=False, cmake_args=None, cmake_clean_cache=False, cmake_clean_first=False, cmake_force_configure=False, cmake_target=None, cmake_target_skip_unavailable=False, continue_on_error=False, event_handlers=None, executor='parallel', ignore_user_meta=False, install_base='install', log_base=None, log_level=None, main=<bound method BuildVerb.main of <colcon_core.verb.build.BuildVerb object at 0x7fde3f631a00>>, merge_install=False, metas=['./colcon.meta'], packages_above=None, packages_above_and_dependencies=None, packages_above_depth=None, packages_end=None, packages_ignore=None, packages_ignore_regex=None, packages_select=None, packages_select_build_failed=False, packages_select_by_dep=None, packages_select_regex=None, packages_select_test_failures=False, packages_skip=None, packages_skip_build_finished=False, packages_skip_by_dep=None, packages_skip_regex=None, packages_skip_test_passed=False, packages_skip_up_to=None, packages_start=None, packages_up_to=None, packages_up_to_regex=None, parallel_workers=16, paths=None, symlink_install=False, test_result_base=None, verb_extension=<colcon_core.verb.build.BuildVerb object at 0x7fde3f631a00>, verb_name='build', verb_parser=<colcon_defaults.argument_parser.defaults.DefaultArgumentsDecorator object at 0x7fde3f265e80>)
[2.738s] Level 1:colcon.colcon_core.package_discovery:discover_packages(colcon_meta) check parameters
[2.739s] Level 1:colcon.colcon_core.package_discovery:discover_packages(recursive) check parameters
[2.739s] Level 1:colcon.colcon_core.package_discovery:discover_packages(ignore) check parameters
[2.739s] Level 1:colcon.colcon_core.package_discovery:discover_packages(path) check parameters
[2.739s] Level 1:colcon.colcon_core.package_discovery:discover_packages(colcon_meta) discover
[2.739s] Level 1:colcon.colcon_core.package_discovery:discover_packages(recursive) discover
[2.739s] INFO:colcon.colcon_core.package_discovery:Crawling recursively for packages in '/home/abcd/ros2_ws/src/mypkg'
[2.739s] Level 1:colcon.colcon_core.package_identification:_identify(.) by extensions ['ignore', 'ignore_ament_install']
[2.739s] Level 1:colcon.colcon_core.package_identification:_identify(.) by extension 'ignore'
[2.739s] Level 1:colcon.colcon_core.package_identification:_identify(.) by extension 'ignore_ament_install'
[2.739s] Level 1:colcon.colcon_core.package_identification:_identify(.) by extensions ['colcon_pkg']
[2.740s] Level 1:colcon.colcon_core.package_identification:_identify(.) by extension 'colcon_pkg'
[2.740s] Level 1:colcon.colcon_core.package_identification:_identify(.) by extensions ['colcon_meta']
[2.740s] Level 1:colcon.colcon_core.package_identification:_identify(.) by extension 'colcon_meta'
[2.740s] Level 1:colcon.colcon_core.package_identification:_identify(.) by extensions ['ros']
[2.740s] Level 1:colcon.colcon_core.package_identification:_identify(.) by extension 'ros'
[2.761s] DEBUG:colcon.colcon_core.package_identification:Package '.' with type 'ros.ament_python' and name 'mypkg'
[2.761s] Level 1:colcon.colcon_core.package_discovery:discover_packages(recursive) using defaults
[2.761s] Level 1:colcon.colcon_core.package_discovery:discover_packages(ignore) discover
[2.761s] Level 1:colcon.colcon_core.package_discovery:discover_packages(ignore) using defaults
[2.761s] Level 1:colcon.colcon_core.package_discovery:discover_packages(path) discover
[2.761s] Level 1:colcon.colcon_core.package_discovery:discover_packages(path) using defaults
[2.999s] Level 1:colcon.colcon_core.package_discovery:discover_packages(prefix_path) check parameters
[2.999s] Level 1:colcon.colcon_core.package_discovery:discover_packages(prefix_path) discover
[3.081s] DEBUG:colcon.colcon_installed_package_information.package_discovery:Found 2 installed packages in /home/abcd/ros2_ws/install
[3.127s] DEBUG:colcon.colcon_installed_package_information.package_discovery:Found 256 installed packages in /opt/ros/foxy
[3.129s] Level 1:colcon.colcon_core.package_discovery:discover_packages(prefix_path) using defaults
[3.350s] Level 5:colcon.colcon_core.verb:set package 'mypkg' build argument 'cmake_args' from command line to 'None'
[3.350s] Level 5:colcon.colcon_core.verb:set package 'mypkg' build argument 'cmake_target' from command line to 'None'
[3.350s] Level 5:colcon.colcon_core.verb:set package 'mypkg' build argument 'cmake_target_skip_unavailable' from command line to 'False'
[3.350s] Level 5:colcon.colcon_core.verb:set package 'mypkg' build argument 'cmake_clean_cache' from command line to 'False'
[3.350s] Level 5:colcon.colcon_core.verb:set package 'mypkg' build argument 'cmake_clean_first' from command line to 'False'
[3.350s] Level 5:colcon.colcon_core.verb:set package 'mypkg' build argument 'cmake_force_configure' from command line to 'False'
[3.350s] Level 5:colcon.colcon_core.verb:set package 'mypkg' build argument 'ament_cmake_args' from command line to 'None'
[3.350s] Level 5:colcon.colcon_core.verb:set package 'mypkg' build argument 'catkin_cmake_args' from command line to 'None'
[3.350s] Level 5:colcon.colcon_core.verb:set package 'mypkg' build argument 'catkin_skip_building_tests' from command line to 'False'
[3.350s] DEBUG:colcon.colcon_core.verb:Building package 'mypkg' with the following arguments: {'ament_cmake_args': None, 'build_base': '/home/abcd/ros2_ws/src/mypkg/build/mypkg', 'catkin_cmake_args': None, 'catkin_skip_building_tests': False, 'cmake_args': None, 'cmake_clean_cache': False, 'cmake_clean_first': False, 'cmake_force_configure': False, 'cmake_target': None, 'cmake_target_skip_unavailable': False, 'install_base': '/home/abcd/ros2_ws/src/mypkg/install/mypkg', 'merge_install': False, 'path': '/home/abcd/ros2_ws/src/mypkg', 'symlink_install': False, 'test_result_base': None}
[3.389s] INFO:colcon.colcon_core.executor:Executing jobs using 'parallel' executor
[3.431s] DEBUG:colcon.colcon_parallel_executor.executor.parallel:run_until_complete
[3.431s] INFO:colcon.colcon_ros.task.ament_python.build:Building ROS package in '/home/abcd/ros2_ws/src/mypkg' with build type 'ament_python'
[3.431s] Level 1:colcon.colcon_core.shell:create_environment_hook('mypkg', 'ament_prefix_path')
[3.475s] INFO:colcon.colcon_core.plugin_system:Skipping extension 'colcon_core.shell.bat': Not used on non-Windows systems
[3.475s] INFO:colcon.colcon_core.shell:Creating environment hook '/home/abcd/ros2_ws/src/mypkg/install/mypkg/share/mypkg/hook/ament_prefix_path.ps1'
[3.517s] INFO:colcon.colcon_core.shell:Creating environment descriptor '/home/abcd/ros2_ws/src/mypkg/install/mypkg/share/mypkg/hook/ament_prefix_path.dsv'
[3.519s] INFO:colcon.colcon_core.shell:Creating environment hook '/home/abcd/ros2_ws/src/mypkg/install/mypkg/share/mypkg/hook/ament_prefix_path.sh'
[3.563s] INFO:colcon.colcon_core.shell:Skip shell extension 'powershell' for command environment: Not usable outside of PowerShell
[3.564s] DEBUG:colcon.colcon_core.shell:Skip shell extension 'dsv' for command environment
[3.979s] INFO:colcon.colcon_core.task.python.build:Building Python package in '/home/abcd/ros2_ws/src/mypkg'
[4.024s] INFO:colcon.colcon_core.shell:Skip shell extension 'powershell' for command environment: Not usable outside of PowerShell
[4.024s] DEBUG:colcon.colcon_core.shell:Skip shell extension 'dsv' for command environment
[4.747s] DEBUG:colcon.colcon_core.event_handler.log_command:Invoking command in '/home/abcd/ros2_ws/src/mypkg': PYTHONPATH=/home/abcd/ros2_ws/src/mypkg/build/mypkg/prefix_override:/home/abcd/ros2_ws/src/mypkg/install/mypkg/lib/python3.8/site-packages:${PYTHONPATH} /usr/bin/python3 setup.py egg_info --egg-base build/mypkg build --build-base /home/abcd/ros2_ws/src/mypkg/build/mypkg/build install --record /home/abcd/ros2_ws/src/mypkg/build/mypkg/install.log --install-scripts $base/lib/mypkg --single-version-externally-managed
[5.149s] DEBUG:colcon.colcon_core.event_handler.log_command:Invoked command in '/home/abcd/ros2_ws/src/mypkg' returned '0': PYTHONPATH=/home/abcd/ros2_ws/src/mypkg/build/mypkg/prefix_override:/home/abcd/ros2_ws/src/mypkg/install/mypkg/lib/python3.8/site-packages:${PYTHONPATH} /usr/bin/python3 setup.py egg_info --egg-base build/mypkg build --build-base /home/abcd/ros2_ws/src/mypkg/build/mypkg/build install --record /home/abcd/ros2_ws/src/mypkg/build/mypkg/install.log --install-scripts $base/lib/mypkg --single-version-externally-managed
[5.198s] Level 1:colcon.colcon_core.environment:checking '/home/abcd/ros2_ws/src/mypkg/install/mypkg' for CMake module files
[5.199s] Level 1:colcon.colcon_core.environment:checking '/home/abcd/ros2_ws/src/mypkg/install/mypkg' for CMake config files
[5.200s] Level 1:colcon.colcon_core.environment:checking '/home/abcd/ros2_ws/src/mypkg/install/mypkg/lib'
[5.200s] Level 1:colcon.colcon_core.environment:checking '/home/abcd/ros2_ws/src/mypkg/install/mypkg/bin'
[5.200s] Level 1:colcon.colcon_core.environment:checking '/home/abcd/ros2_ws/src/mypkg/install/mypkg/lib/pkgconfig/mypkg.pc'
[5.200s] Level 1:colcon.colcon_core.environment:checking '/home/abcd/ros2_ws/src/mypkg/install/mypkg/lib/python3.8/site-packages'
[5.200s] Level 1:colcon.colcon_core.shell:create_environment_hook('mypkg', 'pythonpath')
[5.242s] INFO:colcon.colcon_core.shell:Creating environment hook '/home/abcd/ros2_ws/src/mypkg/install/mypkg/share/mypkg/hook/pythonpath.ps1'
[5.243s] INFO:colcon.colcon_core.shell:Creating environment descriptor '/home/abcd/ros2_ws/src/mypkg/install/mypkg/share/mypkg/hook/pythonpath.dsv'
[5.243s] INFO:colcon.colcon_core.shell:Creating environment hook '/home/abcd/ros2_ws/src/mypkg/install/mypkg/share/mypkg/hook/pythonpath.sh'
[5.244s] Level 1:colcon.colcon_core.environment:checking '/home/abcd/ros2_ws/src/mypkg/install/mypkg/bin'
[5.244s] Level 1:colcon.colcon_core.environment:create_environment_scripts_only(mypkg)
[5.287s] INFO:colcon.colcon_core.shell:Creating package script '/home/abcd/ros2_ws/src/mypkg/install/mypkg/share/mypkg/package.ps1'
[5.289s] INFO:colcon.colcon_core.shell:Creating package descriptor '/home/abcd/ros2_ws/src/mypkg/install/mypkg/share/mypkg/package.dsv'
[5.290s] INFO:colcon.colcon_core.shell:Creating package script '/home/abcd/ros2_ws/src/mypkg/install/mypkg/share/mypkg/package.sh'
[5.291s] INFO:colcon.colcon_core.shell:Creating package script '/home/abcd/ros2_ws/src/mypkg/install/mypkg/share/mypkg/package.bash'
[5.292s] INFO:colcon.colcon_core.shell:Creating package script '/home/abcd/ros2_ws/src/mypkg/install/mypkg/share/mypkg/package.zsh'
[5.293s] Level 1:colcon.colcon_core.environment:create_file_with_runtime_dependencies(/home/abcd/ros2_ws/src/mypkg/install/mypkg/share/colcon-core/packages/mypkg)
[5.294s] DEBUG:colcon.colcon_parallel_executor.executor.parallel:closing loop
[5.295s] DEBUG:colcon.colcon_parallel_executor.executor.parallel:loop closed
[5.296s] DEBUG:colcon.colcon_parallel_executor.executor.parallel:run_until_complete finished with '0'
[5.296s] DEBUG:colcon.colcon_core.event_reactor:joining thread
[5.383s] INFO:colcon.colcon_core.plugin_system:Skipping extension 'colcon_notification.desktop_notification.notify_send': Could not find 'notify-send'
[5.383s] INFO:colcon.colcon_core.plugin_system:Skipping extension 'colcon_notification.desktop_notification.terminal_notifier': Not used on non-Darwin systems
[5.384s] INFO:colcon.colcon_core.plugin_system:Skipping extension 'colcon_notification.desktop_notification.win32': Not used on non-Windows systems
[5.384s] INFO:colcon.colcon_notification.desktop_notification:Sending desktop notification using 'notify2'
[5.390s] DEBUG:colcon.colcon_notification.desktop_notification.notify2:Failed to initialize notify2: org.freedesktop.DBus.Error.ServiceUnknown: The name org.freedesktop.Notifications was not provided by any .service files
[5.391s] DEBUG:colcon.colcon_core.event_reactor:joined thread
[5.438s] INFO:colcon.colcon_core.shell:Creating prefix script '/home/abcd/ros2_ws/src/mypkg/install/local_setup.ps1'
[5.439s] INFO:colcon.colcon_core.shell:Creating prefix util module '/home/abcd/ros2_ws/src/mypkg/install/_local_setup_util_ps1.py'
[5.480s] INFO:colcon.colcon_core.shell:Creating prefix chain script '/home/abcd/ros2_ws/src/mypkg/install/setup.ps1'
[5.526s] INFO:colcon.colcon_core.shell:Creating prefix script '/home/abcd/ros2_ws/src/mypkg/install/local_setup.sh'
[5.527s] INFO:colcon.colcon_core.shell:Creating prefix util module '/home/abcd/ros2_ws/src/mypkg/install/_local_setup_util_sh.py'
[5.528s] INFO:colcon.colcon_core.shell:Creating prefix chain script '/home/abcd/ros2_ws/src/mypkg/install/setup.sh'
[5.569s] INFO:colcon.colcon_core.shell:Creating prefix script '/home/abcd/ros2_ws/src/mypkg/install/local_setup.bash'
[5.570s] INFO:colcon.colcon_core.shell:Creating prefix chain script '/home/abcd/ros2_ws/src/mypkg/install/setup.bash'
[5.610s] INFO:colcon.colcon_core.shell:Creating prefix script '/home/abcd/ros2_ws/src/mypkg/install/local_setup.zsh'
[5.611s] INFO:colcon.colcon_core.shell:Creating prefix chain script '/home/abcd/ros2_ws/src/mypkg/install/setup.zsh'
