[1.195s] Invoking command in '/home/abcd/ros2_ws/src/mypkg': PYTHONPATH=/home/abcd/ros2_ws/src/mypkg/build/mypkg/prefix_override:/home/abcd/ros2_ws/src/mypkg/install/mypkg/lib/python3.8/site-packages:${PYTHONPATH} /usr/bin/python3 setup.py egg_info --egg-base build/mypkg build --build-base /home/abcd/ros2_ws/src/mypkg/build/mypkg/build install --record /home/abcd/ros2_ws/src/mypkg/build/mypkg/install.log --install-scripts $base/lib/mypkg --single-version-externally-managed
[1.445s] running egg_info
[1.446s] writing build/mypkg/mypkg.egg-info/PKG-INFO
[1.447s] writing dependency_links to build/mypkg/mypkg.egg-info/dependency_links.txt
[1.447s] writing entry points to build/mypkg/mypkg.egg-info/entry_points.txt
[1.448s] writing requirements to build/mypkg/mypkg.egg-info/requires.txt
[1.448s] writing top-level names to build/mypkg/mypkg.egg-info/top_level.txt
[1.506s] reading manifest file 'build/mypkg/mypkg.egg-info/SOURCES.txt'
[1.508s] writing manifest file 'build/mypkg/mypkg.egg-info/SOURCES.txt'
[1.509s] running build
[1.509s] running build_py
[1.509s] copying mypkg/talker.py -> /home/abcd/ros2_ws/src/mypkg/build/mypkg/build/lib/mypkg
[1.510s] running install
[1.511s] running install_lib
[1.512s] copying /home/abcd/ros2_ws/src/mypkg/build/mypkg/build/lib/mypkg/talker.py -> /home/abcd/ros2_ws/src/mypkg/install/mypkg/lib/python3.8/site-packages/mypkg
[1.513s] byte-compiling /home/abcd/ros2_ws/src/mypkg/install/mypkg/lib/python3.8/site-packages/mypkg/talker.py to talker.cpython-38.pyc
[1.516s] running install_data
[1.517s] running install_egg_info
[1.519s] removing '/home/abcd/ros2_ws/src/mypkg/install/mypkg/lib/python3.8/site-packages/mypkg-0.0.0-py3.8.egg-info' (and everything under it)
[1.521s] Copying build/mypkg/mypkg.egg-info to /home/abcd/ros2_ws/src/mypkg/install/mypkg/lib/python3.8/site-packages/mypkg-0.0.0-py3.8.egg-info
[1.523s] running install_scripts
[1.543s] Installing listener script to /home/abcd/ros2_ws/src/mypkg/install/mypkg/lib/mypkg
[1.543s] Installing talker script to /home/abcd/ros2_ws/src/mypkg/install/mypkg/lib/mypkg
[1.544s] writing list of installed files to '/home/abcd/ros2_ws/src/mypkg/build/mypkg/install.log'
[1.578s] Invoked command in '/home/abcd/ros2_ws/src/mypkg' returned '0': PYTHONPATH=/home/abcd/ros2_ws/src/mypkg/build/mypkg/prefix_override:/home/abcd/ros2_ws/src/mypkg/install/mypkg/lib/python3.8/site-packages:${PYTHONPATH} /usr/bin/python3 setup.py egg_info --egg-base build/mypkg build --build-base /home/abcd/ros2_ws/src/mypkg/build/mypkg/build install --record /home/abcd/ros2_ws/src/mypkg/build/mypkg/install.log --install-scripts $base/lib/mypkg --single-version-externally-managed
